
> cql-testing@2.6.1 test
> ./node_modules/.bin/mocha --reporter spec --recursive

CQLT Config: /Users/danheslinga/bcc-CQL-Testing-Framework/test/yaml/cqf-bcc/cqlt.yaml
Ignoring potential external data file: /Users/danheslinga/bcc-CQL-Testing-Framework/test/yaml/cqf-bcc/tests/example_care_plan.yaml
Ignoring potential external data file: /Users/danheslinga/bcc-CQL-Testing-Framework/test/yaml/cqf-bcc/tests/reusable_bilateral_mastectomy_conditions.yml
Ignoring potential external data file: /Users/danheslinga/bcc-CQL-Testing-Framework/test/yaml/cqf-bcc/tests/reusable_bilateral_mastectomy_procedures.yml
Ignoring potential external data file: /Users/danheslinga/bcc-CQL-Testing-Framework/test/yaml/cqf-bcc/tests/reusable_breast_cancer_conditions.yml
Ignoring potential external data file: /Users/danheslinga/bcc-CQL-Testing-Framework/test/yaml/cqf-bcc/tests/reusable_conditions_example.yml
Ignoring potential external data file: /Users/danheslinga/bcc-CQL-Testing-Framework/test/yaml/cqf-bcc/tests/reusable_medications_example.yml


  BreastCancerScreeningCDS_v0.1.0
    ✔ Aged 17 years or younger
    ✔ Aged 65 years or older
    ✔ Brenda Jackson
    1) has_bilateral_mastectomy_condition
    2) has_bilateral_mastectomy_condition (1)
    3) has_bilateral_mastectomy_condition (2)
    ✔ has_bilateral_mastectomy_procedure
    ✔ has_bilateral_mastectomy_procedure (1)
    ✔ has_bilateral_mastectomy_procedure (2)
    ✔ has_bilateral_mastectomy_procedure (3)
    ✔ has_bilateral_mastectomy_procedure (4)
    ✔ has_bilateral_mastectomy_procedure (5)
    ✔ has_bilateral_mastectomy_procedure (6)
    ✔ has_bilateral_mastectomy_procedure (7)
    ✔ has_bilateral_mastectomy_procedure (8)
    ✔ has_bilateral_mastectomy_procedure (9)
    ✔ has_bilateral_mastectomy_procedure (10)
    ✔ has_bilateral_mastectomy_procedure (11)
    ✔ has_bilateral_mastectomy_procedure (12)
    4) has_breast_cancer
    5) has_breast_cancer (1)
    6) has_breast_cancer (2)
    7) has_breast_cancer (3)
    8) has_breast_cancer (4)
    9) has_breast_cancer (5)
    10) has_breast_cancer (6)
    11) has_breast_cancer (7)
    12) has_breast_cancer (8)
    13) has_breast_cancer (9)
    14) has_breast_cancer (10)
    15) has_breast_cancer (11)
    16) has_breast_cancer (12)
    17) has_breast_cancer (13)
    18) has_breast_cancer (14)
    19) has_breast_cancer (15)
    20) has_breast_cancer (16)
    21) has_breast_cancer (17)
    22) has_breast_cancer (18)
    23) has_breast_cancer (19)
    24) has_breast_cancer (20)
    25) has_breast_cancer (21)
    26) has_breast_cancer (22)
    27) has_breast_cancer (23)
    28) has_breast_cancer (24)
    29) has_breast_cancer (25)
    30) has_breast_cancer (26)
    31) has_breast_cancer (27)
    32) has_breast_cancer (28)
    33) has_breast_cancer (29)
    34) has_breast_cancer (30)
    35) has_breast_cancer (31)
    36) has_breast_cancer (32)
    37) has_breast_cancer (33)
    38) has_breast_cancer (34)
    39) has_breast_cancer (35)
    40) has_breast_cancer (36)
    41) has_breast_cancer (37)
    42) has_breast_cancer (38)
    43) has_breast_cancer (39)
    44) has_breast_cancer (40)
    45) has_breast_cancer (41)
    46) has_breast_cancer (42)
    47) has_breast_cancer (43)
    48) has_breast_cancer (44)
    49) has_breast_cancer (45)
    50) has_breast_cancer (46)
    51) has_breast_cancer (47)
    52) has_breast_cancer (48)
    53) has_breast_cancer (49)
    54) has_breast_cancer (50)
    55) has_breast_cancer (51)
    56) has_breast_cancer (52)
    57) has_breast_cancer (53)
    58) has_breast_cancer (54)
    59) has_breast_cancer (55)
    60) has_breast_cancer (56)
    61) has_breast_cancer (57)
    62) has_breast_cancer (58)
    63) has_breast_cancer (59)
    64) has_breast_cancer (60)
    65) has_breast_cancer (61)
    66) has_breast_cancer (62)
    67) has_breast_cancer (63)
    68) has_breast_cancer (64)
    69) has_breast_cancer (65)
    70) has_breast_cancer (66)
    71) has_breast_cancer (67)
    72) has_breast_cancer (68)
    73) has_breast_cancer (69)
    74) has_breast_cancer (70)
    75) has_breast_cancer (71)
    76) has_breast_cancer (72)
    77) has_breast_cancer (73)
    78) has_breast_cancer (74)
    79) has_breast_cancer (75)
    80) has_breast_cancer (76)
    81) has_breast_cancer (77)
    82) has_breast_cancer (78)
    83) has_breast_cancer (79)
    84) has_breast_cancer (80)
    85) has_breast_cancer (81)
    86) has_breast_cancer (82)
    87) has_breast_cancer (83)
    88) has_breast_cancer (84)
    ✔ Has Everything But the Kitchen Sink
    ✔ overdue
    89) up_to_date
    ✔ Second example of using reusable resources
    ✔ Second example of using reusable resources (1)
    ✔ Second example of using reusable resources (2)
    ✔ Second example of using reusable resources (3)
    ✔ using_reusables_example_1
    ✔ using_reusables_example_2
    ✔ using_reusables_example_2 (1)
    ✔ using_reusables_example_2 (2)
    ✔ using_reusables_example_2 (3)

  #yaml2fhir-config
    #dstu2
      ✔ should be configured with valid resources, patient fields, and defaults (111ms)
    #stu3
      ✔ should be configured with valid resources, patient fields, and defaults (204ms)
    #r4
      ✔ should be configured with valid resources, patient fields, and defaults

  #yaml2fhir
    #dstu2
      ✔ should convert a simple blank Patient
      ✔ should convert a simple blank Patient with supplied patientId
      ✔ should convert a simple blank Encounter with proper defaults and reference to Patient
      ✔ should convert a Condition whose config uses $if-present/$then/$else when target property is present
      ✔ should convert a Condition whose config uses $if-present/$then/$else when target property is not present
      ✔ should convert a Patient with top-level properties
      ✔ should convert a non-array value to an array when necessary
      ✔ should convert an Observation with top-level properties
      ✔ should support choice properties like value[x]
      ✔ should support references
      ✔ should support nested properties for Backbone elements
      ✔ should support nested properties for complex type elements
      ✔ should support nested properties for repeating Backbone elements
      ✔ should throw an error for an unsupported version of FHIR
      ✔ should throw an error if the data does not declare its resourceType
      ✔ should throw an error for an unsupported FHIR resource type
      ✔ should throw an error for an invalid property
      ✔ should throw an error when an array is provided for a non array property
    #stu3
      ✔ should convert a simple blank Patient
      ✔ should convert a simple blank Patient with supplied patientId
      ✔ should convert a simple blank Encounter with proper defaults and reference to Patient
      ✔ should convert a Condition whose config uses $if-present/$then/$else when target property is present
      ✔ should convert a Condition whose config uses $if-present/$then/$else when target property is not present
      ✔ should convert a Patient with top-level properties
      ✔ should convert a non-array value to an array when necessary
      ✔ should convert an Observation with top-level properties
      ✔ should support choice properties like value[x]
      ✔ should support nested properties for Backbone elements
      ✔ should support nested properties for complex type elements
      ✔ should support nested properties for repeating Backbone elements
      ✔ should throw an error for an unsupported FHIR resource type
      ✔ should throw an error for an invalid property
    #4r
      ✔ should convert a simple blank Patient
      ✔ should convert a simple blank Patient with supplied patientId
      ✔ should convert a simple blank Encounter with proper defaults and reference to Patient
      ✔ should convert a Condition whose config uses $if-present/$then/$else when target property is present
      ✔ should convert a Condition whose config uses $if-present/$then/$else when target property is not present
      ✔ should convert a Patient with top-level properties
      ✔ should convert a non-array value to an array when necessary
      ✔ should convert an Observation with top-level properties
      ✔ should support choice properties like value[x]
      ✔ should support nested properties for Backbone elements
      ✔ should support nested properties for complex type elements
      ✔ should support nested properties for repeating Backbone elements
      ✔ should resolve ICD-9-D to standard ICD-9 URL
      ✔ should resolve ICD-9-P to standard ICD-9 URL
      ✔ should throw an error for an unsupported FHIR resource type
      ✔ should throw an error for an invalid property


  78 passing (729ms)
  89 failing

  1) BreastCancerScreeningCDS_v0.1.0
       has_bilateral_mastectomy_condition:

      Due for screening mammogram=<true>
      + expected - actual

      -true
      +false
      
      at checkResult (src/buildTestSuite.js:134:38)
      at /Users/danheslinga/bcc-CQL-Testing-Framework/src/buildTestSuite.js:109:13

  2) BreastCancerScreeningCDS_v0.1.0
       has_bilateral_mastectomy_condition (1):

      Due for screening mammogram=<true>
      + expected - actual

      -true
      +false
      
      at checkResult (src/buildTestSuite.js:134:38)
      at /Users/danheslinga/bcc-CQL-Testing-Framework/src/buildTestSuite.js:109:13

  3) BreastCancerScreeningCDS_v0.1.0
       has_bilateral_mastectomy_condition (2):

      Due for screening mammogram=<true>
      + expected - actual

      -true
      +false
      
      at checkResult (src/buildTestSuite.js:134:38)
      at /Users/danheslinga/bcc-CQL-Testing-Framework/src/buildTestSuite.js:109:13

  4) BreastCancerScreeningCDS_v0.1.0
       has_breast_cancer:

      Due for screening mammogram=<true>
      + expected - actual

      -true
      +false
      
      at checkResult (src/buildTestSuite.js:134:38)
      at /Users/danheslinga/bcc-CQL-Testing-Framework/src/buildTestSuite.js:109:13

  5) BreastCancerScreeningCDS_v0.1.0
       has_breast_cancer (1):

      Due for screening mammogram=<true>
      + expected - actual

      -true
      +false
      
      at checkResult (src/buildTestSuite.js:134:38)
      at /Users/danheslinga/bcc-CQL-Testing-Framework/src/buildTestSuite.js:109:13

  6) BreastCancerScreeningCDS_v0.1.0
       has_breast_cancer (2):

      Due for screening mammogram=<true>
      + expected - actual

      -true
      +false
      
      at checkResult (src/buildTestSuite.js:134:38)
      at /Users/danheslinga/bcc-CQL-Testing-Framework/src/buildTestSuite.js:109:13

  7) BreastCancerScreeningCDS_v0.1.0
       has_breast_cancer (3):

      Due for screening mammogram=<true>
      + expected - actual

      -true
      +false
      
      at checkResult (src/buildTestSuite.js:134:38)
      at /Users/danheslinga/bcc-CQL-Testing-Framework/src/buildTestSuite.js:109:13

  8) BreastCancerScreeningCDS_v0.1.0
       has_breast_cancer (4):

      Due for screening mammogram=<true>
      + expected - actual

      -true
      +false
      
      at checkResult (src/buildTestSuite.js:134:38)
      at /Users/danheslinga/bcc-CQL-Testing-Framework/src/buildTestSuite.js:109:13

  9) BreastCancerScreeningCDS_v0.1.0
       has_breast_cancer (5):

      Due for screening mammogram=<true>
      + expected - actual

      -true
      +false
      
      at checkResult (src/buildTestSuite.js:134:38)
      at /Users/danheslinga/bcc-CQL-Testing-Framework/src/buildTestSuite.js:109:13

  10) BreastCancerScreeningCDS_v0.1.0
       has_breast_cancer (6):

      Due for screening mammogram=<true>
      + expected - actual

      -true
      +false
      
      at checkResult (src/buildTestSuite.js:134:38)
      at /Users/danheslinga/bcc-CQL-Testing-Framework/src/buildTestSuite.js:109:13

  11) BreastCancerScreeningCDS_v0.1.0
       has_breast_cancer (7):

      Due for screening mammogram=<true>
      + expected - actual

      -true
      +false
      
      at checkResult (src/buildTestSuite.js:134:38)
      at /Users/danheslinga/bcc-CQL-Testing-Framework/src/buildTestSuite.js:109:13

  12) BreastCancerScreeningCDS_v0.1.0
       has_breast_cancer (8):

      Due for screening mammogram=<true>
      + expected - actual

      -true
      +false
      
      at checkResult (src/buildTestSuite.js:134:38)
      at /Users/danheslinga/bcc-CQL-Testing-Framework/src/buildTestSuite.js:109:13

  13) BreastCancerScreeningCDS_v0.1.0
       has_breast_cancer (9):

      Due for screening mammogram=<true>
      + expected - actual

      -true
      +false
      
      at checkResult (src/buildTestSuite.js:134:38)
      at /Users/danheslinga/bcc-CQL-Testing-Framework/src/buildTestSuite.js:109:13

  14) BreastCancerScreeningCDS_v0.1.0
       has_breast_cancer (10):

      Due for screening mammogram=<true>
      + expected - actual

      -true
      +false
      
      at checkResult (src/buildTestSuite.js:134:38)
      at /Users/danheslinga/bcc-CQL-Testing-Framework/src/buildTestSuite.js:109:13

  15) BreastCancerScreeningCDS_v0.1.0
       has_breast_cancer (11):

      Due for screening mammogram=<true>
      + expected - actual

      -true
      +false
      
      at checkResult (src/buildTestSuite.js:134:38)
      at /Users/danheslinga/bcc-CQL-Testing-Framework/src/buildTestSuite.js:109:13

  16) BreastCancerScreeningCDS_v0.1.0
       has_breast_cancer (12):

      Due for screening mammogram=<true>
      + expected - actual

      -true
      +false
      
      at checkResult (src/buildTestSuite.js:134:38)
      at /Users/danheslinga/bcc-CQL-Testing-Framework/src/buildTestSuite.js:109:13

  17) BreastCancerScreeningCDS_v0.1.0
       has_breast_cancer (13):

      Due for screening mammogram=<true>
      + expected - actual

      -true
      +false
      
      at checkResult (src/buildTestSuite.js:134:38)
      at /Users/danheslinga/bcc-CQL-Testing-Framework/src/buildTestSuite.js:109:13

  18) BreastCancerScreeningCDS_v0.1.0
       has_breast_cancer (14):

      Due for screening mammogram=<true>
      + expected - actual

      -true
      +false
      
      at checkResult (src/buildTestSuite.js:134:38)
      at /Users/danheslinga/bcc-CQL-Testing-Framework/src/buildTestSuite.js:109:13

  19) BreastCancerScreeningCDS_v0.1.0
       has_breast_cancer (15):

      Due for screening mammogram=<true>
      + expected - actual

      -true
      +false
      
      at checkResult (src/buildTestSuite.js:134:38)
      at /Users/danheslinga/bcc-CQL-Testing-Framework/src/buildTestSuite.js:109:13

  20) BreastCancerScreeningCDS_v0.1.0
       has_breast_cancer (16):

      Due for screening mammogram=<true>
      + expected - actual

      -true
      +false
      
      at checkResult (src/buildTestSuite.js:134:38)
      at /Users/danheslinga/bcc-CQL-Testing-Framework/src/buildTestSuite.js:109:13

  21) BreastCancerScreeningCDS_v0.1.0
       has_breast_cancer (17):

      Due for screening mammogram=<true>
      + expected - actual

      -true
      +false
      
      at checkResult (src/buildTestSuite.js:134:38)
      at /Users/danheslinga/bcc-CQL-Testing-Framework/src/buildTestSuite.js:109:13

  22) BreastCancerScreeningCDS_v0.1.0
       has_breast_cancer (18):

      Due for screening mammogram=<true>
      + expected - actual

      -true
      +false
      
      at checkResult (src/buildTestSuite.js:134:38)
      at /Users/danheslinga/bcc-CQL-Testing-Framework/src/buildTestSuite.js:109:13

  23) BreastCancerScreeningCDS_v0.1.0
       has_breast_cancer (19):

      Due for screening mammogram=<true>
      + expected - actual

      -true
      +false
      
      at checkResult (src/buildTestSuite.js:134:38)
      at /Users/danheslinga/bcc-CQL-Testing-Framework/src/buildTestSuite.js:109:13

  24) BreastCancerScreeningCDS_v0.1.0
       has_breast_cancer (20):

      Due for screening mammogram=<true>
      + expected - actual

      -true
      +false
      
      at checkResult (src/buildTestSuite.js:134:38)
      at /Users/danheslinga/bcc-CQL-Testing-Framework/src/buildTestSuite.js:109:13

  25) BreastCancerScreeningCDS_v0.1.0
       has_breast_cancer (21):

      Due for screening mammogram=<true>
      + expected - actual

      -true
      +false
      
      at checkResult (src/buildTestSuite.js:134:38)
      at /Users/danheslinga/bcc-CQL-Testing-Framework/src/buildTestSuite.js:109:13

  26) BreastCancerScreeningCDS_v0.1.0
       has_breast_cancer (22):

      Due for screening mammogram=<true>
      + expected - actual

      -true
      +false
      
      at checkResult (src/buildTestSuite.js:134:38)
      at /Users/danheslinga/bcc-CQL-Testing-Framework/src/buildTestSuite.js:109:13

  27) BreastCancerScreeningCDS_v0.1.0
       has_breast_cancer (23):

      Due for screening mammogram=<true>
      + expected - actual

      -true
      +false
      
      at checkResult (src/buildTestSuite.js:134:38)
      at /Users/danheslinga/bcc-CQL-Testing-Framework/src/buildTestSuite.js:109:13

  28) BreastCancerScreeningCDS_v0.1.0
       has_breast_cancer (24):

      Due for screening mammogram=<true>
      + expected - actual

      -true
      +false
      
      at checkResult (src/buildTestSuite.js:134:38)
      at /Users/danheslinga/bcc-CQL-Testing-Framework/src/buildTestSuite.js:109:13

  29) BreastCancerScreeningCDS_v0.1.0
       has_breast_cancer (25):

      Due for screening mammogram=<true>
      + expected - actual

      -true
      +false
      
      at checkResult (src/buildTestSuite.js:134:38)
      at /Users/danheslinga/bcc-CQL-Testing-Framework/src/buildTestSuite.js:109:13

  30) BreastCancerScreeningCDS_v0.1.0
       has_breast_cancer (26):

      Due for screening mammogram=<true>
      + expected - actual

      -true
      +false
      
      at checkResult (src/buildTestSuite.js:134:38)
      at /Users/danheslinga/bcc-CQL-Testing-Framework/src/buildTestSuite.js:109:13

  31) BreastCancerScreeningCDS_v0.1.0
       has_breast_cancer (27):

      Due for screening mammogram=<true>
      + expected - actual

      -true
      +false
      
      at checkResult (src/buildTestSuite.js:134:38)
      at /Users/danheslinga/bcc-CQL-Testing-Framework/src/buildTestSuite.js:109:13

  32) BreastCancerScreeningCDS_v0.1.0
       has_breast_cancer (28):

      Due for screening mammogram=<true>
      + expected - actual

      -true
      +false
      
      at checkResult (src/buildTestSuite.js:134:38)
      at /Users/danheslinga/bcc-CQL-Testing-Framework/src/buildTestSuite.js:109:13

  33) BreastCancerScreeningCDS_v0.1.0
       has_breast_cancer (29):

      Due for screening mammogram=<true>
      + expected - actual

      -true
      +false
      
      at checkResult (src/buildTestSuite.js:134:38)
      at /Users/danheslinga/bcc-CQL-Testing-Framework/src/buildTestSuite.js:109:13

  34) BreastCancerScreeningCDS_v0.1.0
       has_breast_cancer (30):

      Due for screening mammogram=<true>
      + expected - actual

      -true
      +false
      
      at checkResult (src/buildTestSuite.js:134:38)
      at /Users/danheslinga/bcc-CQL-Testing-Framework/src/buildTestSuite.js:109:13

  35) BreastCancerScreeningCDS_v0.1.0
       has_breast_cancer (31):

      Due for screening mammogram=<true>
      + expected - actual

      -true
      +false
      
      at checkResult (src/buildTestSuite.js:134:38)
      at /Users/danheslinga/bcc-CQL-Testing-Framework/src/buildTestSuite.js:109:13

  36) BreastCancerScreeningCDS_v0.1.0
       has_breast_cancer (32):

      Due for screening mammogram=<true>
      + expected - actual

      -true
      +false
      
      at checkResult (src/buildTestSuite.js:134:38)
      at /Users/danheslinga/bcc-CQL-Testing-Framework/src/buildTestSuite.js:109:13

  37) BreastCancerScreeningCDS_v0.1.0
       has_breast_cancer (33):

      Due for screening mammogram=<true>
      + expected - actual

      -true
      +false
      
      at checkResult (src/buildTestSuite.js:134:38)
      at /Users/danheslinga/bcc-CQL-Testing-Framework/src/buildTestSuite.js:109:13

  38) BreastCancerScreeningCDS_v0.1.0
       has_breast_cancer (34):

      Due for screening mammogram=<true>
      + expected - actual

      -true
      +false
      
      at checkResult (src/buildTestSuite.js:134:38)
      at /Users/danheslinga/bcc-CQL-Testing-Framework/src/buildTestSuite.js:109:13

  39) BreastCancerScreeningCDS_v0.1.0
       has_breast_cancer (35):

      Due for screening mammogram=<true>
      + expected - actual

      -true
      +false
      
      at checkResult (src/buildTestSuite.js:134:38)
      at /Users/danheslinga/bcc-CQL-Testing-Framework/src/buildTestSuite.js:109:13

  40) BreastCancerScreeningCDS_v0.1.0
       has_breast_cancer (36):

      Due for screening mammogram=<true>
      + expected - actual

      -true
      +false
      
      at checkResult (src/buildTestSuite.js:134:38)
      at /Users/danheslinga/bcc-CQL-Testing-Framework/src/buildTestSuite.js:109:13

  41) BreastCancerScreeningCDS_v0.1.0
       has_breast_cancer (37):

      Due for screening mammogram=<true>
      + expected - actual

      -true
      +false
      
      at checkResult (src/buildTestSuite.js:134:38)
      at /Users/danheslinga/bcc-CQL-Testing-Framework/src/buildTestSuite.js:109:13

  42) BreastCancerScreeningCDS_v0.1.0
       has_breast_cancer (38):

      Due for screening mammogram=<true>
      + expected - actual

      -true
      +false
      
      at checkResult (src/buildTestSuite.js:134:38)
      at /Users/danheslinga/bcc-CQL-Testing-Framework/src/buildTestSuite.js:109:13

  43) BreastCancerScreeningCDS_v0.1.0
       has_breast_cancer (39):

      Due for screening mammogram=<true>
      + expected - actual

      -true
      +false
      
      at checkResult (src/buildTestSuite.js:134:38)
      at /Users/danheslinga/bcc-CQL-Testing-Framework/src/buildTestSuite.js:109:13

  44) BreastCancerScreeningCDS_v0.1.0
       has_breast_cancer (40):

      Due for screening mammogram=<true>
      + expected - actual

      -true
      +false
      
      at checkResult (src/buildTestSuite.js:134:38)
      at /Users/danheslinga/bcc-CQL-Testing-Framework/src/buildTestSuite.js:109:13

  45) BreastCancerScreeningCDS_v0.1.0
       has_breast_cancer (41):

      Due for screening mammogram=<true>
      + expected - actual

      -true
      +false
      
      at checkResult (src/buildTestSuite.js:134:38)
      at /Users/danheslinga/bcc-CQL-Testing-Framework/src/buildTestSuite.js:109:13

  46) BreastCancerScreeningCDS_v0.1.0
       has_breast_cancer (42):

      Due for screening mammogram=<true>
      + expected - actual

      -true
      +false
      
      at checkResult (src/buildTestSuite.js:134:38)
      at /Users/danheslinga/bcc-CQL-Testing-Framework/src/buildTestSuite.js:109:13

  47) BreastCancerScreeningCDS_v0.1.0
       has_breast_cancer (43):

      Due for screening mammogram=<true>
      + expected - actual

      -true
      +false
      
      at checkResult (src/buildTestSuite.js:134:38)
      at /Users/danheslinga/bcc-CQL-Testing-Framework/src/buildTestSuite.js:109:13

  48) BreastCancerScreeningCDS_v0.1.0
       has_breast_cancer (44):

      Due for screening mammogram=<true>
      + expected - actual

      -true
      +false
      
      at checkResult (src/buildTestSuite.js:134:38)
      at /Users/danheslinga/bcc-CQL-Testing-Framework/src/buildTestSuite.js:109:13

  49) BreastCancerScreeningCDS_v0.1.0
       has_breast_cancer (45):

      Due for screening mammogram=<true>
      + expected - actual

      -true
      +false
      
      at checkResult (src/buildTestSuite.js:134:38)
      at /Users/danheslinga/bcc-CQL-Testing-Framework/src/buildTestSuite.js:109:13

  50) BreastCancerScreeningCDS_v0.1.0
       has_breast_cancer (46):

      Due for screening mammogram=<true>
      + expected - actual

      -true
      +false
      
      at checkResult (src/buildTestSuite.js:134:38)
      at /Users/danheslinga/bcc-CQL-Testing-Framework/src/buildTestSuite.js:109:13

  51) BreastCancerScreeningCDS_v0.1.0
       has_breast_cancer (47):

      Due for screening mammogram=<true>
      + expected - actual

      -true
      +false
      
      at checkResult (src/buildTestSuite.js:134:38)
      at /Users/danheslinga/bcc-CQL-Testing-Framework/src/buildTestSuite.js:109:13

  52) BreastCancerScreeningCDS_v0.1.0
       has_breast_cancer (48):

      Due for screening mammogram=<true>
      + expected - actual

      -true
      +false
      
      at checkResult (src/buildTestSuite.js:134:38)
      at /Users/danheslinga/bcc-CQL-Testing-Framework/src/buildTestSuite.js:109:13

  53) BreastCancerScreeningCDS_v0.1.0
       has_breast_cancer (49):

      Due for screening mammogram=<true>
      + expected - actual

      -true
      +false
      
      at checkResult (src/buildTestSuite.js:134:38)
      at /Users/danheslinga/bcc-CQL-Testing-Framework/src/buildTestSuite.js:109:13

  54) BreastCancerScreeningCDS_v0.1.0
       has_breast_cancer (50):

      Due for screening mammogram=<true>
      + expected - actual

      -true
      +false
      
      at checkResult (src/buildTestSuite.js:134:38)
      at /Users/danheslinga/bcc-CQL-Testing-Framework/src/buildTestSuite.js:109:13

  55) BreastCancerScreeningCDS_v0.1.0
       has_breast_cancer (51):

      Due for screening mammogram=<true>
      + expected - actual

      -true
      +false
      
      at checkResult (src/buildTestSuite.js:134:38)
      at /Users/danheslinga/bcc-CQL-Testing-Framework/src/buildTestSuite.js:109:13

  56) BreastCancerScreeningCDS_v0.1.0
       has_breast_cancer (52):

      Due for screening mammogram=<true>
      + expected - actual

      -true
      +false
      
      at checkResult (src/buildTestSuite.js:134:38)
      at /Users/danheslinga/bcc-CQL-Testing-Framework/src/buildTestSuite.js:109:13

  57) BreastCancerScreeningCDS_v0.1.0
       has_breast_cancer (53):

      Due for screening mammogram=<true>
      + expected - actual

      -true
      +false
      
      at checkResult (src/buildTestSuite.js:134:38)
      at /Users/danheslinga/bcc-CQL-Testing-Framework/src/buildTestSuite.js:109:13

  58) BreastCancerScreeningCDS_v0.1.0
       has_breast_cancer (54):

      Due for screening mammogram=<true>
      + expected - actual

      -true
      +false
      
      at checkResult (src/buildTestSuite.js:134:38)
      at /Users/danheslinga/bcc-CQL-Testing-Framework/src/buildTestSuite.js:109:13

  59) BreastCancerScreeningCDS_v0.1.0
       has_breast_cancer (55):

      Due for screening mammogram=<true>
      + expected - actual

      -true
      +false
      
      at checkResult (src/buildTestSuite.js:134:38)
      at /Users/danheslinga/bcc-CQL-Testing-Framework/src/buildTestSuite.js:109:13

  60) BreastCancerScreeningCDS_v0.1.0
       has_breast_cancer (56):

      Due for screening mammogram=<true>
      + expected - actual

      -true
      +false
      
      at checkResult (src/buildTestSuite.js:134:38)
      at /Users/danheslinga/bcc-CQL-Testing-Framework/src/buildTestSuite.js:109:13

  61) BreastCancerScreeningCDS_v0.1.0
       has_breast_cancer (57):

      Due for screening mammogram=<true>
      + expected - actual

      -true
      +false
      
      at checkResult (src/buildTestSuite.js:134:38)
      at /Users/danheslinga/bcc-CQL-Testing-Framework/src/buildTestSuite.js:109:13

  62) BreastCancerScreeningCDS_v0.1.0
       has_breast_cancer (58):

      Due for screening mammogram=<true>
      + expected - actual

      -true
      +false
      
      at checkResult (src/buildTestSuite.js:134:38)
      at /Users/danheslinga/bcc-CQL-Testing-Framework/src/buildTestSuite.js:109:13

  63) BreastCancerScreeningCDS_v0.1.0
       has_breast_cancer (59):

      Due for screening mammogram=<true>
      + expected - actual

      -true
      +false
      
      at checkResult (src/buildTestSuite.js:134:38)
      at /Users/danheslinga/bcc-CQL-Testing-Framework/src/buildTestSuite.js:109:13

  64) BreastCancerScreeningCDS_v0.1.0
       has_breast_cancer (60):

      Due for screening mammogram=<true>
      + expected - actual

      -true
      +false
      
      at checkResult (src/buildTestSuite.js:134:38)
      at /Users/danheslinga/bcc-CQL-Testing-Framework/src/buildTestSuite.js:109:13

  65) BreastCancerScreeningCDS_v0.1.0
       has_breast_cancer (61):

      Due for screening mammogram=<true>
      + expected - actual

      -true
      +false
      
      at checkResult (src/buildTestSuite.js:134:38)
      at /Users/danheslinga/bcc-CQL-Testing-Framework/src/buildTestSuite.js:109:13

  66) BreastCancerScreeningCDS_v0.1.0
       has_breast_cancer (62):

      Due for screening mammogram=<true>
      + expected - actual

      -true
      +false
      
      at checkResult (src/buildTestSuite.js:134:38)
      at /Users/danheslinga/bcc-CQL-Testing-Framework/src/buildTestSuite.js:109:13

  67) BreastCancerScreeningCDS_v0.1.0
       has_breast_cancer (63):

      Due for screening mammogram=<true>
      + expected - actual

      -true
      +false
      
      at checkResult (src/buildTestSuite.js:134:38)
      at /Users/danheslinga/bcc-CQL-Testing-Framework/src/buildTestSuite.js:109:13

  68) BreastCancerScreeningCDS_v0.1.0
       has_breast_cancer (64):

      Due for screening mammogram=<true>
      + expected - actual

      -true
      +false
      
      at checkResult (src/buildTestSuite.js:134:38)
      at /Users/danheslinga/bcc-CQL-Testing-Framework/src/buildTestSuite.js:109:13

  69) BreastCancerScreeningCDS_v0.1.0
       has_breast_cancer (65):

      Due for screening mammogram=<true>
      + expected - actual

      -true
      +false
      
      at checkResult (src/buildTestSuite.js:134:38)
      at /Users/danheslinga/bcc-CQL-Testing-Framework/src/buildTestSuite.js:109:13

  70) BreastCancerScreeningCDS_v0.1.0
       has_breast_cancer (66):

      Due for screening mammogram=<true>
      + expected - actual

      -true
      +false
      
      at checkResult (src/buildTestSuite.js:134:38)
      at /Users/danheslinga/bcc-CQL-Testing-Framework/src/buildTestSuite.js:109:13

  71) BreastCancerScreeningCDS_v0.1.0
       has_breast_cancer (67):

      Due for screening mammogram=<true>
      + expected - actual

      -true
      +false
      
      at checkResult (src/buildTestSuite.js:134:38)
      at /Users/danheslinga/bcc-CQL-Testing-Framework/src/buildTestSuite.js:109:13

  72) BreastCancerScreeningCDS_v0.1.0
       has_breast_cancer (68):

      Due for screening mammogram=<true>
      + expected - actual

      -true
      +false
      
      at checkResult (src/buildTestSuite.js:134:38)
      at /Users/danheslinga/bcc-CQL-Testing-Framework/src/buildTestSuite.js:109:13

  73) BreastCancerScreeningCDS_v0.1.0
       has_breast_cancer (69):

      Due for screening mammogram=<true>
      + expected - actual

      -true
      +false
      
      at checkResult (src/buildTestSuite.js:134:38)
      at /Users/danheslinga/bcc-CQL-Testing-Framework/src/buildTestSuite.js:109:13

  74) BreastCancerScreeningCDS_v0.1.0
       has_breast_cancer (70):

      Due for screening mammogram=<true>
      + expected - actual

      -true
      +false
      
      at checkResult (src/buildTestSuite.js:134:38)
      at /Users/danheslinga/bcc-CQL-Testing-Framework/src/buildTestSuite.js:109:13

  75) BreastCancerScreeningCDS_v0.1.0
       has_breast_cancer (71):

      Due for screening mammogram=<true>
      + expected - actual

      -true
      +false
      
      at checkResult (src/buildTestSuite.js:134:38)
      at /Users/danheslinga/bcc-CQL-Testing-Framework/src/buildTestSuite.js:109:13

  76) BreastCancerScreeningCDS_v0.1.0
       has_breast_cancer (72):

      Due for screening mammogram=<true>
      + expected - actual

      -true
      +false
      
      at checkResult (src/buildTestSuite.js:134:38)
      at /Users/danheslinga/bcc-CQL-Testing-Framework/src/buildTestSuite.js:109:13

  77) BreastCancerScreeningCDS_v0.1.0
       has_breast_cancer (73):

      Due for screening mammogram=<true>
      + expected - actual

      -true
      +false
      
      at checkResult (src/buildTestSuite.js:134:38)
      at /Users/danheslinga/bcc-CQL-Testing-Framework/src/buildTestSuite.js:109:13

  78) BreastCancerScreeningCDS_v0.1.0
       has_breast_cancer (74):

      Due for screening mammogram=<true>
      + expected - actual

      -true
      +false
      
      at checkResult (src/buildTestSuite.js:134:38)
      at /Users/danheslinga/bcc-CQL-Testing-Framework/src/buildTestSuite.js:109:13

  79) BreastCancerScreeningCDS_v0.1.0
       has_breast_cancer (75):

      Due for screening mammogram=<true>
      + expected - actual

      -true
      +false
      
      at checkResult (src/buildTestSuite.js:134:38)
      at /Users/danheslinga/bcc-CQL-Testing-Framework/src/buildTestSuite.js:109:13

  80) BreastCancerScreeningCDS_v0.1.0
       has_breast_cancer (76):

      Due for screening mammogram=<true>
      + expected - actual

      -true
      +false
      
      at checkResult (src/buildTestSuite.js:134:38)
      at /Users/danheslinga/bcc-CQL-Testing-Framework/src/buildTestSuite.js:109:13

  81) BreastCancerScreeningCDS_v0.1.0
       has_breast_cancer (77):

      Due for screening mammogram=<true>
      + expected - actual

      -true
      +false
      
      at checkResult (src/buildTestSuite.js:134:38)
      at /Users/danheslinga/bcc-CQL-Testing-Framework/src/buildTestSuite.js:109:13

  82) BreastCancerScreeningCDS_v0.1.0
       has_breast_cancer (78):

      Due for screening mammogram=<true>
      + expected - actual

      -true
      +false
      
      at checkResult (src/buildTestSuite.js:134:38)
      at /Users/danheslinga/bcc-CQL-Testing-Framework/src/buildTestSuite.js:109:13

  83) BreastCancerScreeningCDS_v0.1.0
       has_breast_cancer (79):

      Due for screening mammogram=<true>
      + expected - actual

      -true
      +false
      
      at checkResult (src/buildTestSuite.js:134:38)
      at /Users/danheslinga/bcc-CQL-Testing-Framework/src/buildTestSuite.js:109:13

  84) BreastCancerScreeningCDS_v0.1.0
       has_breast_cancer (80):

      Due for screening mammogram=<true>
      + expected - actual

      -true
      +false
      
      at checkResult (src/buildTestSuite.js:134:38)
      at /Users/danheslinga/bcc-CQL-Testing-Framework/src/buildTestSuite.js:109:13

  85) BreastCancerScreeningCDS_v0.1.0
       has_breast_cancer (81):

      Due for screening mammogram=<true>
      + expected - actual

      -true
      +false
      
      at checkResult (src/buildTestSuite.js:134:38)
      at /Users/danheslinga/bcc-CQL-Testing-Framework/src/buildTestSuite.js:109:13

  86) BreastCancerScreeningCDS_v0.1.0
       has_breast_cancer (82):

      Due for screening mammogram=<true>
      + expected - actual

      -true
      +false
      
      at checkResult (src/buildTestSuite.js:134:38)
      at /Users/danheslinga/bcc-CQL-Testing-Framework/src/buildTestSuite.js:109:13

  87) BreastCancerScreeningCDS_v0.1.0
       has_breast_cancer (83):

      Due for screening mammogram=<true>
      + expected - actual

      -true
      +false
      
      at checkResult (src/buildTestSuite.js:134:38)
      at /Users/danheslinga/bcc-CQL-Testing-Framework/src/buildTestSuite.js:109:13

  88) BreastCancerScreeningCDS_v0.1.0
       has_breast_cancer (84):

      Due for screening mammogram=<true>
      + expected - actual

      -true
      +false
      
      at checkResult (src/buildTestSuite.js:134:38)
      at /Users/danheslinga/bcc-CQL-Testing-Framework/src/buildTestSuite.js:109:13

  89) BreastCancerScreeningCDS_v0.1.0
       up_to_date:

      Due for screening mammogram=<true>
      + expected - actual

      -true
      +false
      
      at checkResult (src/buildTestSuite.js:134:38)
      at /Users/danheslinga/bcc-CQL-Testing-Framework/src/buildTestSuite.js:109:13



